<?xml version="1.0" encoding="UTF-8"?>
<testng-results ignored="0" total="3" passed="3" failed="0" skipped="0">
  <reporter-output>
  </reporter-output>
  <suite started-at="2025-12-11T19:47:16 IST" name="Suite" finished-at="2025-12-11T19:49:38 IST" duration-ms="142505">
    <groups>
    </groups>
    <test started-at="2025-12-11T19:47:16 IST" name="Test" finished-at="2025-12-11T19:49:38 IST" duration-ms="142505">
      <class name="Lambdatesting.SimpleFromDemo">
        <test-method signature="simpleFormDemo()[pri:0, instance:Lambdatesting.SimpleFromDemo@48f2bd5b]" started-at="2025-12-11T19:47:16 IST" name="simpleFormDemo" finished-at="2025-12-11T19:48:24 IST" duration-ms="67772" status="PASS">
          <reporter-output>
          </reporter-output>
        </test-method> <!-- simpleFormDemo -->
      </class> <!-- Lambdatesting.SimpleFromDemo -->
      <class name="Lambdatesting.DragAndDropSlider">
        <test-method signature="dragAndDropSliders()[pri:0, instance:Lambdatesting.DragAndDropSlider@5656be13]" started-at="2025-12-11T19:49:19 IST" name="dragAndDropSliders" finished-at="2025-12-11T19:49:38 IST" duration-ms="19851" status="PASS">
          <reporter-output>
          </reporter-output>
        </test-method> <!-- dragAndDropSliders -->
      </class> <!-- Lambdatesting.DragAndDropSlider -->
      <class name="Lambdatesting.InputFromSubmit">
        <test-method signature="testInputFormSubmit()[pri:0, instance:Lambdatesting.InputFromSubmit@235834f2]" started-at="2025-12-11T19:48:24 IST" name="testInputFormSubmit" finished-at="2025-12-11T19:49:19 IST" duration-ms="54804" status="PASS">
          <reporter-output>
          </reporter-output>
        </test-method> <!-- testInputFormSubmit -->
      </class> <!-- Lambdatesting.InputFromSubmit -->
    </test> <!-- Test -->
  </suite> <!-- Suite -->
</testng-results>
