<?xml version="1.0" encoding="UTF-8"?>
<!-- Generated by org.testng.reporters.JUnitXMLReporter -->
<testsuite ignored="0" hostname="Subhadeep" failures="0" tests="3" name="Test" time="142.505" errors="0" timestamp="2025-12-11T19:49:38 IST">
  <testcase classname="Lambdatesting.SimpleFromDemo" name="simpleFormDemo" time="67.772"/>
  <testcase classname="Lambdatesting.InputFromSubmit" name="testInputFormSubmit" time="54.804"/>
  <testcase classname="Lambdatesting.DragAndDropSlider" name="dragAndDropSliders" time="19.851"/>
</testsuite> <!-- Test -->
